
2025-07-02T09:28:18.589Z - 🚀 APPOINTMENT APPROVAL ROUTE CALLED!
Appointment ID: 6864fb9e570b34f966b614fd
User ID: 68628e5655158188e4bab80c
User Email: admin@pulsemate.com
2025-07-02T09:28:18.967Z - APPOINTMENT UPDATED: chatEnabled=true, sessionEndTime=Wed Jul 02 2025 10:58:18 GMT+0100 (West Africa Standard Time)
2025-07-02T09:28:19.114Z - REACTIVATING EXISTING CHAT
Chat ID: 6863b1e8f5a0b4eb647ce8b0
Previous status: true
2025-07-02T09:28:19.436Z - CHAT REACTIVATED SUCCESSFULLY, chatRoomId=6863b1e8f5a0b4eb647ce8b0

2025-07-02T11:07:48.705Z - 🚀 APPOINTMENT APPROVAL ROUTE CALLED!
Appointment ID: 686512eb6b9d157777ddad82
User ID: 68628e5655158188e4bab80c
User Email: admin@pulsemate.com
2025-07-02T11:07:49.044Z - APPOINTMENT UPDATED: chatEnabled=true, sessionEndTime=Wed Jul 02 2025 12:37:48 GMT+0100 (West Africa Standard Time)
2025-07-02T11:07:49.200Z - REACTIVATING EXISTING CHAT
Chat ID: 6863b1e8f5a0b4eb647ce8b0
Previous status: true
2025-07-02T11:07:49.550Z - CHAT REACTIVATED SUCCESSFULLY, chatRoomId=6863b1e8f5a0b4eb647ce8b0

2025-07-03T13:28:07.901Z - 🚀 APPOINTMENT APPROVAL ROUTE CALLED!
Appointment ID: 68668471eaf20f96401f7c61
User ID: 68628e5655158188e4bab80c
User Email: admin@pulsemate.com
2025-07-03T13:28:08.656Z - APPOINTMENT UPDATED: chatEnabled=true, sessionEndTime=Thu Jul 03 2025 14:58:08 GMT+0100 (West Africa Standard Time)
2025-07-03T13:28:08.846Z - REACTIVATING EXISTING CHAT
Chat ID: 6863b1e8f5a0b4eb647ce8b0
Previous status: true
2025-07-03T13:28:09.263Z - CHAT REACTIVATED SUCCESSFULLY, chatRoomId=6863b1e8f5a0b4eb647ce8b0

2025-07-03T15:50:53.811Z - 🚀 APPOINTMENT APPROVAL ROUTE CALLED!
Appointment ID: 6866a6d4c9e6ef0e5186d9c9
User ID: 68628e5655158188e4bab80c
User Email: admin@pulsemate.com
2025-07-03T15:50:54.251Z - APPOINTMENT UPDATED: chatEnabled=true, sessionEndTime=null
2025-07-03T15:50:54.408Z - LINKING EXISTING CHAT
Chat ID: 6863b1e8f5a0b4eb647ce8b0
Previous status: true
2025-07-03T15:50:54.763Z - CHAT LINKED SUCCESSFULLY, chatRoomId=6863b1e8f5a0b4eb647ce8b0

2025-07-03T16:38:46.319Z - 🚀 APPOINTMENT APPROVAL ROUTE CALLED!
Appointment ID: 6866b20840a4298c86bebfbb
User ID: 68628e5655158188e4bab80c
User Email: admin@pulsemate.com
2025-07-03T16:38:46.984Z - APPOINTMENT UPDATED: chatEnabled=true, sessionEndTime=null
2025-07-03T16:38:47.155Z - LINKING EXISTING CHAT
Chat ID: 6863b1e8f5a0b4eb647ce8b0
Previous status: false
2025-07-03T16:38:47.509Z - CHAT LINKED SUCCESSFULLY, chatRoomId=6863b1e8f5a0b4eb647ce8b0

2025-07-10T12:37:10.798Z - 🚀 APPOINTMENT APPROVAL ROUTE CALLED!
Appointment ID: 686e42ccaa1b9865cc09e80a
User ID: 68628e5655158188e4bab80c
User Email: admin@pulsemate.com
2025-07-10T12:37:11.134Z - APPOINTMENT UPDATED: chatEnabled=true, sessionEndTime=null
2025-07-10T12:37:11.296Z - LINKING EXISTING CHAT
Chat ID: 6863b1e8f5a0b4eb647ce8b0
Previous status: false
2025-07-10T12:37:11.627Z - CHAT LINKED SUCCESSFULLY, chatRoomId=6863b1e8f5a0b4eb647ce8b0

2025-07-11T11:04:39.788Z - 🚀 APPOINTMENT APPROVAL ROUTE CALLED!
Appointment ID: 6870efb876f66bde9b4e94d3
User ID: 68628e5655158188e4bab80c
User Email: admin@pulsemate.com
2025-07-11T11:04:40.336Z - APPOINTMENT UPDATED: chatEnabled=true, sessionEndTime=null
2025-07-11T11:04:40.494Z - LINKING EXISTING CHAT
Chat ID: 6863b1e8f5a0b4eb647ce8b0
Previous status: false
2025-07-11T11:04:41.126Z - CHAT LINKED SUCCESSFULLY, chatRoomId=6863b1e8f5a0b4eb647ce8b0

2025-07-11T12:25:25.484Z - 🚀 APPOINTMENT APPROVAL ROUTE CALLED!
Appointment ID: 687102ad2c4b1d6114cb056c
User ID: 68628e5655158188e4bab80c
User Email: admin@pulsemate.com
2025-07-11T12:25:26.197Z - APPOINTMENT UPDATED: chatEnabled=true, sessionEndTime=null
2025-07-11T12:25:26.368Z - LINKING EXISTING CHAT
Chat ID: 6863b1e8f5a0b4eb647ce8b0
Previous status: false
2025-07-11T12:25:26.698Z - CHAT LINKED SUCCESSFULLY, chatRoomId=6863b1e8f5a0b4eb647ce8b0

2025-07-11T13:04:21.196Z - 🚀 APPOINTMENT APPROVAL ROUTE CALLED!
Appointment ID: 68710bcb2c4b1d6114cb0e77
User ID: 68628e5655158188e4bab80c
User Email: admin@pulsemate.com
2025-07-11T13:04:21.596Z - APPOINTMENT UPDATED: chatEnabled=true, sessionEndTime=null
2025-07-11T13:04:21.763Z - LINKING EXISTING CHAT
Chat ID: 6863b1e8f5a0b4eb647ce8b0
Previous status: false
2025-07-11T13:04:22.140Z - CHAT LINKED SUCCESSFULLY, chatRoomId=6863b1e8f5a0b4eb647ce8b0

2025-07-11T13:06:05.017Z - 🚀 APPOINTMENT APPROVAL ROUTE CALLED!
Appointment ID: 68710c2f2c4b1d6114cb103c
User ID: 68628e5655158188e4bab80c
User Email: admin@pulsemate.com
2025-07-11T13:06:05.501Z - APPOINTMENT UPDATED: chatEnabled=true, sessionEndTime=null
2025-07-11T13:06:05.694Z - LINKING EXISTING CHAT
Chat ID: 6863b1e8f5a0b4eb647ce8b0
Previous status: false
2025-07-11T13:06:06.054Z - CHAT LINKED SUCCESSFULLY, chatRoomId=6863b1e8f5a0b4eb647ce8b0

2025-07-11T13:13:28.944Z - 🚀 APPOINTMENT APPROVAL ROUTE CALLED!
Appointment ID: 68710df22c4b1d6114cb12b9
User ID: 68628e5655158188e4bab80c
User Email: admin@pulsemate.com
2025-07-11T13:13:29.363Z - APPOINTMENT UPDATED: chatEnabled=true, sessionEndTime=null
2025-07-11T13:13:29.547Z - LINKING EXISTING CHAT
Chat ID: 6863b1e8f5a0b4eb647ce8b0
Previous status: false
2025-07-11T13:13:30.000Z - CHAT LINKED SUCCESSFULLY, chatRoomId=6863b1e8f5a0b4eb647ce8b0

2025-07-11T14:47:37.248Z - 🚀 APPOINTMENT APPROVAL ROUTE CALLED!
Appointment ID: 687123fb7321c33d676ea4bf
User ID: 68628e5655158188e4bab80c
User Email: admin@pulsemate.com
2025-07-11T14:47:37.649Z - APPOINTMENT UPDATED: chatEnabled=true, sessionEndTime=null
2025-07-11T14:47:37.809Z - LINKING EXISTING CHAT
Chat ID: 6863b1e8f5a0b4eb647ce8b0
Previous status: false
2025-07-11T14:47:38.592Z - CHAT LINKED SUCCESSFULLY, chatRoomId=6863b1e8f5a0b4eb647ce8b0
